<?xml version="1.0" encoding="UTF-8"?>
<!-- Generated by org.testng.reporters.JUnitXMLReporter -->
<testsuite ignored="0" hostname="DESKTOP-R5JC7P7" failures="1" tests="1" name="Test" time="16.908" errors="0" timestamp="2024-11-13T10:03:39 IST">
  <testcase classname="com.orangeHRM.Framework.TestPages.TC001_DashBoardTest" name="Verify_DashBoardElements" time="10.22">
    <failure type="java.lang.AssertionError" message="expected [true] but found [false]">
      <![CDATA[java.lang.AssertionError: expected [true] but found [false]
at com.orangeHRM.Framework.TestPages.TC001_DashBoardTest.Verify_DashBoardElements(TC001_DashBoardTest.java:29)
at java.base/java.util.ArrayList.forEach(ArrayList.java:1596)
... Removed 31 stack frames]]>
    </failure>
  </testcase> <!-- Verify_DashBoardElements -->
</testsuite> <!-- Test -->
